{"/home/difuster/frontend-project-lvl2/gendifference.js": {"path":"/home/difuster/frontend-project-lvl2/gendifference.js","all":false,"statementMap":{"0":{"start":{"line":1,"column":0},"end":{"line":1,"column":24}},"1":{"start":{"line":2,"column":0},"end":{"line":2,"column":34}},"2":{"start":{"line":3,"column":0},"end":{"line":3,"column":23}},"3":{"start":{"line":4,"column":0},"end":{"line":4,"column":0}},"4":{"start":{"line":5,"column":0},"end":{"line":5,"column":51}},"5":{"start":{"line":6,"column":0},"end":{"line":6,"column":0}},"6":{"start":{"line":7,"column":0},"end":{"line":7,"column":91}},"7":{"start":{"line":8,"column":0},"end":{"line":8,"column":0}},"8":{"start":{"line":9,"column":0},"end":{"line":9,"column":40}},"9":{"start":{"line":10,"column":0},"end":{"line":10,"column":11}},"10":{"start":{"line":11,"column":0},"end":{"line":11,"column":30}},"11":{"start":{"line":12,"column":0},"end":{"line":12,"column":28}},"12":{"start":{"line":13,"column":0},"end":{"line":13,"column":3}},"13":{"start":{"line":14,"column":0},"end":{"line":14,"column":14}},"14":{"start":{"line":15,"column":0},"end":{"line":15,"column":2}},"15":{"start":{"line":16,"column":0},"end":{"line":16,"column":0}},"16":{"start":{"line":17,"column":0},"end":{"line":17,"column":39}},"17":{"start":{"line":18,"column":0},"end":{"line":18,"column":46}},"18":{"start":{"line":19,"column":0},"end":{"line":19,"column":31}},"19":{"start":{"line":20,"column":0},"end":{"line":20,"column":31}},"20":{"start":{"line":21,"column":0},"end":{"line":21,"column":42}},"21":{"start":{"line":22,"column":0},"end":{"line":22,"column":18}},"22":{"start":{"line":23,"column":0},"end":{"line":23,"column":68}},"23":{"start":{"line":24,"column":0},"end":{"line":24,"column":18}},"24":{"start":{"line":25,"column":0},"end":{"line":25,"column":44}},"25":{"start":{"line":26,"column":0},"end":{"line":26,"column":57}},"26":{"start":{"line":27,"column":0},"end":{"line":27,"column":46}},"27":{"start":{"line":28,"column":0},"end":{"line":28,"column":91}},"28":{"start":{"line":29,"column":0},"end":{"line":29,"column":53}},"29":{"start":{"line":30,"column":0},"end":{"line":30,"column":56}},"30":{"start":{"line":31,"column":0},"end":{"line":31,"column":7}},"31":{"start":{"line":32,"column":0},"end":{"line":32,"column":5}},"32":{"start":{"line":33,"column":0},"end":{"line":33,"column":58}},"33":{"start":{"line":34,"column":0},"end":{"line":34,"column":54}},"34":{"start":{"line":35,"column":0},"end":{"line":35,"column":5}},"35":{"start":{"line":36,"column":0},"end":{"line":36,"column":58}},"36":{"start":{"line":37,"column":0},"end":{"line":37,"column":54}},"37":{"start":{"line":38,"column":0},"end":{"line":38,"column":5}},"38":{"start":{"line":39,"column":0},"end":{"line":39,"column":3}},"39":{"start":{"line":40,"column":0},"end":{"line":40,"column":16}},"40":{"start":{"line":41,"column":0},"end":{"line":41,"column":16}},"41":{"start":{"line":42,"column":0},"end":{"line":42,"column":2}},"42":{"start":{"line":43,"column":0},"end":{"line":43,"column":0}},"43":{"start":{"line":44,"column":0},"end":{"line":44,"column":35}},"44":{"start":{"line":45,"column":0},"end":{"line":45,"column":40}},"45":{"start":{"line":46,"column":0},"end":{"line":46,"column":40}},"46":{"start":{"line":47,"column":0},"end":{"line":47,"column":38}},"47":{"start":{"line":48,"column":0},"end":{"line":48,"column":38}},"48":{"start":{"line":49,"column":0},"end":{"line":49,"column":49}},"49":{"start":{"line":50,"column":0},"end":{"line":50,"column":49}},"50":{"start":{"line":51,"column":0},"end":{"line":51,"column":35}},"51":{"start":{"line":52,"column":0},"end":{"line":52,"column":2}},"52":{"start":{"line":53,"column":0},"end":{"line":53,"column":0}},"53":{"start":{"line":54,"column":0},"end":{"line":54,"column":32}}},"s":{"0":1,"1":1,"2":1,"3":1,"4":1,"5":1,"6":1,"7":1,"8":1,"9":0,"10":0,"11":0,"12":0,"13":0,"14":0,"15":1,"16":1,"17":1,"18":1,"19":1,"20":1,"21":1,"22":1,"23":1,"24":1,"25":5,"26":2,"27":2,"28":2,"29":0,"30":0,"31":2,"32":5,"33":2,"34":2,"35":5,"36":1,"37":1,"38":5,"39":1,"40":1,"41":1,"42":1,"43":1,"44":0,"45":0,"46":0,"47":0,"48":0,"49":0,"50":0,"51":0,"52":1,"53":1},"branchMap":{"0":{"type":"branch","line":17,"loc":{"start":{"line":17,"column":20},"end":{"line":42,"column":2}},"locations":[{"start":{"line":17,"column":20},"end":{"line":42,"column":2}}]},"1":{"type":"branch","line":25,"loc":{"start":{"line":25,"column":43},"end":{"line":39,"column":3}},"locations":[{"start":{"line":25,"column":43},"end":{"line":39,"column":3}}]},"2":{"type":"branch","line":26,"loc":{"start":{"line":26,"column":8},"end":{"line":26,"column":34}},"locations":[{"start":{"line":26,"column":8},"end":{"line":26,"column":34}}]},"3":{"type":"branch","line":26,"loc":{"start":{"line":26,"column":56},"end":{"line":32,"column":5}},"locations":[{"start":{"line":26,"column":56},"end":{"line":32,"column":5}}]},"4":{"type":"branch","line":29,"loc":{"start":{"line":29,"column":7},"end":{"line":31,"column":7}},"locations":[{"start":{"line":29,"column":7},"end":{"line":31,"column":7}}]},"5":{"type":"branch","line":33,"loc":{"start":{"line":33,"column":8},"end":{"line":33,"column":35}},"locations":[{"start":{"line":33,"column":8},"end":{"line":33,"column":35}}]},"6":{"type":"branch","line":33,"loc":{"start":{"line":33,"column":57},"end":{"line":35,"column":5}},"locations":[{"start":{"line":33,"column":57},"end":{"line":35,"column":5}}]},"7":{"type":"branch","line":36,"loc":{"start":{"line":36,"column":8},"end":{"line":36,"column":35}},"locations":[{"start":{"line":36,"column":8},"end":{"line":36,"column":35}}]},"8":{"type":"branch","line":36,"loc":{"start":{"line":36,"column":57},"end":{"line":38,"column":5}},"locations":[{"start":{"line":36,"column":57},"end":{"line":38,"column":5}}]},"9":{"type":"branch","line":18,"loc":{"start":{"line":18,"column":19},"end":{"line":18,"column":34}},"locations":[{"start":{"line":18,"column":19},"end":{"line":18,"column":34}}]},"10":{"type":"branch","line":23,"loc":{"start":{"line":23,"column":21},"end":{"line":23,"column":68}},"locations":[{"start":{"line":23,"column":21},"end":{"line":23,"column":68}}]}},"b":{"0":[1],"1":[5],"2":[4],"3":[2],"4":[0],"5":[4],"6":[2],"7":[1],"8":[1],"9":[2],"10":[5]},"fnMap":{"0":{"name":"fileExtension","decl":{"start":{"line":5,"column":23},"end":{"line":5,"column":36}},"loc":{"start":{"line":5,"column":23},"end":{"line":5,"column":36}},"line":5},"1":{"name":"readFile","decl":{"start":{"line":7,"column":18},"end":{"line":7,"column":40}},"loc":{"start":{"line":7,"column":18},"end":{"line":7,"column":40}},"line":7},"2":{"name":"parseFile","decl":{"start":{"line":9,"column":18},"end":{"line":15,"column":2}},"loc":{"start":{"line":9,"column":18},"end":{"line":15,"column":2}},"line":9},"3":{"name":"compareData","decl":{"start":{"line":17,"column":20},"end":{"line":42,"column":2}},"loc":{"start":{"line":17,"column":20},"end":{"line":42,"column":2}},"line":17},"4":{"name":"getKeys","decl":{"start":{"line":18,"column":19},"end":{"line":18,"column":34}},"loc":{"start":{"line":18,"column":19},"end":{"line":18,"column":34}},"line":18},"5":{"name":"genDiff","decl":{"start":{"line":44,"column":16},"end":{"line":52,"column":2}},"loc":{"start":{"line":44,"column":16},"end":{"line":52,"column":2}},"line":44}},"f":{"0":0,"1":0,"2":0,"3":1,"4":2,"5":0}}
}
