TN:
SF:gendifference.js
FN:5,fileExtension
FN:7,readFile
FN:9,parseFile
FN:17,compareData
FN:18,getKeys
FN:44,genDiff
FNF:6
FNH:2
FNDA:0,fileExtension
FNDA:0,readFile
FNDA:0,parseFile
FNDA:1,compareData
FNDA:2,getKeys
FNDA:0,genDiff
DA:1,1
DA:2,1
DA:3,1
DA:4,1
DA:5,1
DA:6,1
DA:7,1
DA:8,1
DA:9,1
DA:10,0
DA:11,0
DA:12,0
DA:13,0
DA:14,0
DA:15,0
DA:16,1
DA:17,1
DA:18,1
DA:19,1
DA:20,1
DA:21,1
DA:22,1
DA:23,1
DA:24,1
DA:25,1
DA:26,5
DA:27,2
DA:28,2
DA:29,2
DA:30,0
DA:31,0
DA:32,2
DA:33,5
DA:34,2
DA:35,2
DA:36,5
DA:37,1
DA:38,1
DA:39,5
DA:40,1
DA:41,1
DA:42,1
DA:43,1
DA:44,1
DA:45,0
DA:46,0
DA:47,0
DA:48,0
DA:49,0
DA:50,0
DA:51,0
DA:52,0
DA:53,1
DA:54,1
LF:54
LH:38
BRDA:17,0,0,1
BRDA:25,1,0,5
BRDA:26,2,0,4
BRDA:26,3,0,2
BRDA:29,4,0,0
BRDA:33,5,0,4
BRDA:33,6,0,2
BRDA:36,7,0,1
BRDA:36,8,0,1
BRDA:18,9,0,2
BRDA:23,10,0,5
BRF:11
BRH:10
end_of_record
